d:\code\maintenancepredictive\x64\debug\moc_maintenancepredictive.obj
d:\code\maintenancepredictive\x64\debug\moc_clusteringdlg.obj
d:\code\maintenancepredictive\x64\debug\clusteringdlg.obj
d:\code\maintenancepredictive\x64\debug\main.obj
d:\code\maintenancepredictive\x64\debug\qrc_maintenancepredictive.obj
d:\code\maintenancepredictive\x64\debug\maintenancepredictive.obj
d:\code\maintenancepredictive\x64\debug\vc140.pdb
d:\code\maintenancepredictive\x64\debug\maintenancepredictive.ilk
d:\code\maintenancepredictive\x64\debug\maintenancepredictive.exe
d:\code\maintenancepredictive\x64\debug\maintenancepredictive.pdb
d:\code\maintenancepredictive\generatedfiles\debug\moc_maintenancepredictive.cpp
d:\code\maintenancepredictive\generatedfiles\debug\moc_clusteringdlg.cpp
d:\code\maintenancepredictive\generatedfiles\qrc_maintenancepredictive.cpp
d:\code\maintenancepredictive\generatedfiles\ui_clusteringdlg.h
d:\code\maintenancepredictive\generatedfiles\ui_maintenancepredictive.h
d:\code\maintenancepredictive\x64\debug\maintena.278001d7.tlog\cl.command.1.tlog
d:\code\maintenancepredictive\x64\debug\maintena.278001d7.tlog\cl.read.1.tlog
d:\code\maintenancepredictive\x64\debug\maintena.278001d7.tlog\cl.write.1.tlog
d:\code\maintenancepredictive\x64\debug\maintena.278001d7.tlog\link.command.1.tlog
d:\code\maintenancepredictive\x64\debug\maintena.278001d7.tlog\link.read.1.tlog
d:\code\maintenancepredictive\x64\debug\maintena.278001d7.tlog\link.write.1.tlog
d:\code\maintenancepredictive\x64\debug\maintena.278001d7.tlog\maintenancepredictive.write.1u.tlog
